
[b]1.0.7[/b]


[b]1.0.6[/b]

[b]Sperimental building[/b]
New building "foreign research lab" this building give job of "spies research" that be research if have sufficient intel to foreign empire with >= equivalent tech

[b]1.1.0[/b]

§Cetus allineament


[b]Minor fix[/b]

Tech Fleet now gives exactly 1 ship size within the command fleet limit.
Balanced the Military Doctrine technology.
Bio Disruptor now provides armor regeneration.
Restored the vanilla tech tree progression for Jump Drive.
Fix? Angler rural districts now correctly give +1% growth instead of the incorrect +10% of the wrong type.
Early Game phase now lasts a maximum of 30 years, and an additional modifier is added: –33% station hull.
Best AI
Fix tooltip disruptor weapon, will fix tooltip in all weapon but for now only this.

[b]minor fix[/b]
Fix vari 
Messo nomi parametri corretti
Rebalance speciment that granted research, x3 vanilla instead x4
Ribilanciato costo e produzione dei foreign_researcher dopo per allinearla alla produzione e costi della cetus.

[b]Allignament[/b]

[b]1.1.1[/b]
Allignament last update cetus of 30/01/2026
Ripristinati come in vanilla i reactor booster e i swarm missiles
Specimen unity ribilanciati
Automation migliorata
Fix bug grafico


[h1][b]1.1.2 Rebalance Proxy War[/b][/h1][/b]

[h3][b]Proxy War:[/h3][/b]
[list]
[*]Azione diplomatica tramite Proxy war più costose in generale.
[*]Puoi fare una proxy war ogni anno invece di ogni mese.
[*]Puoi fare far il war goal "proxy war" se il bersaglio ha un claim o se il bersaglio è vicino al difensore e ha una cattiva opinione (< neutral)
[*]Ora la "proxy war" da war goal proxy war ha un costo in trust o intell di 40 invece di 30.
[*]Il war goal open border non disponibile per una proxy war

[h3][b]Other[/h3][/b]
Point defence energy hanno accuracy 80-85-90%
Per fare guerra end threath a un giocatore che è andato in ascension crisi deve avere almeno il livello crisi 3 o essere "neghborgh" o alleato di uno vicino.
La crisi ascension può andare in guerra con chiunque dal livello 2, sennò solo ai vicini.
TOlto azzeramento totale del malus per ap shared destiny e civica vassali per i suoi vassali in cambio l'ho potenziato il massimo di vassali senza ricevere svantaggi da 1 a 3.
Carrier hp 10.000 invece di 12.000


[h1][b]1.1.4 REbalance[/b][/h1]

Ripristinato sezione nave corvetta con punto di difesa 
civic_slaver_guilds migliorato, ora da bonus anche a lavoratori ma hanno un malus di happiness e inoltre le costruzioni sono più veloci.

experiment_engineer producono 50% in più di scienza
Le aure si diffondono il 50% più "lentamente" nello spazio fallen empire

Ora dal menu setup puoi modificare alcune regole del gioco.
Aggiunta regola del gioco per definire se le aure possono espandersi in fallen empire addormentati.
Nave scientica ora ha vari bonus per ftl (più veloce e jump drive più lontani).
Biocrystall armore aggiunto il 3 e 4.

fix bug trade_policy_trade_league per i megacorp che non riuscivano con l'agenda open market
Meno depositi naniti (comujnque più della vanilla) e possibilità bassisima di trovare un deposito con enormi quantità di exo,vol o crystal

[h2]Bio empire:[/h2]
Bilanciate le armi bioweapon:
[List]
[*]Bio Point defence allineato con il buff delle altre point defence
[*]Bio distruptor potenziati visto che "ship_modifier" non è supportato
[/List]
Le tech per aumentare hull bio ship aumentate dal +10% al +33%
bioship_growth_progress_mult aumentato in mid game (+20%) e in late game (+33%)

trade_policy_trade_league non devi avere la federazione commerciale se hai agenda  open markets se has_federation = yes o num_commercial_pacts > 0 o sei is_criminal_syndicate
Per bilanciare ciò ora la federazione trade ha il perk trade più forte: diminuisce il trade fee. (EVVIVA)

Bilanciamenti:
Malus empire size da colonie cambiato per corporativi da +50% a +40%
Bonus empire size da colonie cambiato auth_synth_oligarchic_virtual da -50% a -40%
Bilanciato specialist_scholarium_neighbor ora è valido solo al livello 2 dello scholarium per evitare wombo combo con 20 vassali.
Computation_core_allocation aumenta di 0.005 upkeep energy dei civili (attualmente ottenevi bonus gratuiti, facilmente scalabili in un ecumonopoli) roba che avevo +1000% bonus sui lavori...
Ai: 
Migliorata leggermente ai ora dovrebbe fare unity all'inizio per arrivare prima alle 3 ascensioni (da testare).

[h1][b]Piccoli miglioramenti, fix bug e allineamento[/b][/h1]
Fix bug per l'ai che prediligeva district farming.
Fix problema slot Bombardieri che si buggava il mantenimento in movimento.
Fix bug allineamento 
Allineamento a nuova versione cetus.
Bilanciato angler ora è 75 agricoltori e 25 

Migliorato ai.
Messo codice per debuggare meglio l'ai in futuro e renderla ancora migliore.
AGgiunto easter egg reliqua "sgorbio"


Fix:
Fatto in maniera tale che le decision che miglorano il pianeta siano tra le prime.
Fix icona living_metal
Fix special planetary feature
Fix grafici

[h1]1.1.4 Una patch...infernale[/h1]

[b]economia[/b]
Ora la maggior parte dei moduli delle star base aumentano la produzione nel tempo quindi nel 2350 producono il doppio che all'inizio del gioco.

[b]regole del gioco[/b]
Cambiato i game modifier, ora sono 4, start,early,mid,late.
Cambiato modificatori di start,early,mid,late game ora danno bonus ai ricercatori.

Inoltre mid late oltre ad aumentare come prima la produzione delle stazioni scientifiche ora le stazioni scientifiche costano di manuntenzione leggermente di più.
Aggiunto nuovo modificatore, cambiato random modificatori planetari e messi anche per i pinaeti vulcanici
Modificato malus come per la civica di matrix da 100% a 80% (da testare se va bene)

[b]AScension:[/b]
Modificato situation ascneison bio da 1800 a 1500
Bonus gene researcher alla situazione da 1,25% a 3%


Se selezioni l'ascension bio puoi fare i medical center anche se sei oppressive authocracy.
Non puoi fare hydroponic bay in un blackhole


Fix:
Fix hyper drive 4 unavaible
Fix bonus hyper drive for bio ship
Fix dystopian civic
Fix vita x2.5 di nanite swarmer e nanite interdictor.
Fixato editti di produzione

Raddoppiato la risorsa unity dei depositi orbitali
MIgliorato ai, ora non cerca di avere 50 cibo al mese se è un impero normale.
Possibilità tramite editto di fare controspionaggio, fino a 3 editti di controspionaggio che aumentano il encryption ma diminuiscono envoy e codebreaking
Consumer goods ora spawnano nei depositi, anche se sono rari
L'editto per trovare i miglior dyson ora trova anche stelle suitabili con unity.

[b]Tradizioni:[/b]
Interstellar dominion ha l'estrazione da orbitali aumentanta del 5% e grasp of the void ha la produzione da starbase aumentata del 20%
Prosperity migliorata

[b]Food[/b]
Modulo per fare food is modules for all now, inoltre quest'ultima e hidrophnic bay 
Aggiunto tecnologia food processing 3 che ti sblocca una struttura per orbitale ring che aumenta di 3 i distretti agricoli.
Aggiunti avvisi utili
Civic catalytic processing:
Arc furnace se hai questa civica produce cibo al posto di minerali.
Diminuito peso navale di Nanite interdictor da 15 a 14.

orbital exchange market change
All modifier with "per_pop" in starbase building/modules is replace for flat job.
Cambiato prosperity, diminuito alcuni bonus e dati degli altri.

Ottimizzato codice

[b]automazione[/b]
Best planet automation
Policy per aggiornare le stazioni in automatico.

Cambiato prosperity, diminuito alcuni bonus e dati degli altri.
Messo in molti nomi di moduli e tecnologie sfg per indicare che viene dalla mod
Grossi Fix vari
Ottimizzato codice dove sono passato per caso
Ordinamento prima le cose della mod poi vanilla in moduli della starbase.

computation_core_production messo come vanilla

fleet create_black_needle_fleet_02 -50%

Aggiunti altri testi per far capire che sono stati modificati nella mod
Rirpistinato job angler come in vanilla
Rifatto gran parte dell'autoupgrade system perchè non mi piaceva come era fatto, ora funziona a dovere.
Fix bug del factor in weight in tecnologie rare che non serve più perchè hardcodato da paradox.
Fix bug su una tech che non si vedeva
Fix grafici
Fixato messaggio per dirti che puoi avere sistemi e claim remoti.
Fix evento astral che il 0,05% delle volte crashava.
fix problema di scope in weight di foreign researcher, comunque sarebberò da riscrivere secondo il nuovo standard di stellaris

Ora l'agenda build swarmer diminuisce costo anche degli interdictor
Potenziato interdictor si cura più in fretta da 15 a 30.
Navi nanite costano -33%
Fixato modificatori produzione naniti, ora tutto l'impero ha il bonus produzione unity da mid game a late game

[h1]1.1.5 Viva i naniti e i leader![/h1]

[h2]Leaders:[/h2]
I leader sui pianeti(e settori ovviamente) hanno bonus per building speed e desion speed in base al proprio livello
Councilor_genetic_identification bonus da 2,5% a 4%
Councilior infernare researc bonus by skill increment 50% (2%->3%) for allineament with other bonus research counciliors
bonus from councilior to unity increment 50% (2%->3%)
Councilor_feudal_realm unity from subject increment from 10 to 30 (is for balance average bonus of sfg)
Councilor country_edict_fund_add aumentato del 50% (5->7.5)

[h2]Miglioramenti gameplay late game[/h2]
NAVAL_CAPACITY_MAX is 19999 instead 9999
Aggiunta una tech che permette di aumenta ulteriormente l'immagazzinamento dai silo
Aggiunta una ripetibile che aumenta il massimo di magazzino.

[h2]Fix:[/h2]
Ora i depositi di cibo e di consumer goods se non li usi vengono convertiti in automatico in energia o minerali (non è visibile ma lo fa)
La tecnologia dimensional space ora funziona sui trading hub e sui astromining, inoltre il bonus è un +50% della produzione flat(esempio solar panel fa 4 di base quindi da 2)
Fix avviso decisione quando c'è la nuova pm vulcanica.

[h2]Bilanciamento:[/h2]


[h2]Miglioramenti mod codice:[/h2]
Ottimizzato codice.
Resettle code ti manda un messaggio.


Fix totale problema lavori da feature che non erano più nello standard stellaris 4.0.

Fix lavori in deposit feature.
Messo trigger per sapere se ci sono modificatori phi
BOnus scalabili da tech archaeo dimensional