Attivabile
Ascension perk commercial:
"trader +2% trade value merchant +2,5% trade value double effect trade value mult by trading hub for every subject with more 50 pops have +10% trade value"
Altro:
Vedi quanti building ti rimangono
Events/Colony_pop.txt con nuova versione vedere cosa fare


effect = {
add_modifier = { modifier = start_game_modifier }
        add_modifier = { modifier = early_game_modifier }
        add_modifier = { modifier = mid_game_modifier }
        add_modifier = { modifier = late_game_modifier }
}
inline_script = {
		script = jobs/biologists_add
		AMOUNT = 300
	}
inline_script = {
		script = jobs/physicists_add
		AMOUNT = 200		# 200 jobs
	}
	inline_script = {
		script = jobs/engineers_add
		AMOUNT = 200		# 200 jobs
	}

export_resource_stockpile_to_variable - Exports the value of the current country's stockpile of the specified resource to a variable.
export_resource_stockpile_to_variable = { resource = energy variable = <string> }
Supported Scopes: country

export_resource_income_to_variable - Exports the value of the current country's monthly income of the specified resource to a variable.
export_resource_income_to_variable = { resource = energy variable = <string> }
Supported Scopes: country

export_resource_maximum_to_variable - Exports the value of the current country's maximum of the specified resource to a variable.
export_resource_maximum_to_variable = { resource = energy variable = <string> }
Supported Scopes: country

export_resource_maximum_to_variable = {
                resource = energy
                variable = energy_max_value
        }
        add_resource = {
                energy = @max_credit_mult
                mult = energy_max_value
        }